<?xml version="1.0" encoding="UTF-8"?>
<testsuite xmlns:xsi="http://www.w3.org/2001/XMLSchema-instance" xsi:noNamespaceSchemaLocation="https://maven.apache.org/surefire/maven-surefire-plugin/xsd/surefire-test-report.xsd" name="poo23.HelloMavenEclipse.AppTest" time="0.053" tests="1" errors="0" skipped="0" failures="0">
  <properties>
    <property name="java.specification.version" value="17"/>
    <property name="sun.cpu.isalist" value="amd64"/>
    <property name="sun.jnu.encoding" value="Cp1252"/>
    <property name="java.class.path" value="C:\Users\matti\Desktop\UNI\2 anno 2023-24\1 semestre\POO\Java1\La_Torre\HelloMavenEclipse\target\test-classes;C:\Users\matti\Desktop\UNI\2 anno 2023-24\1 semestre\POO\Java1\La_Torre\HelloMavenEclipse\target\classes;C:\Users\matti\.m2\repository\junit\junit\4.11\junit-4.11.jar;C:\Users\matti\.m2\repository\org\hamcrest\hamcrest-core\1.3\hamcrest-core-1.3.jar;"/>
    <property name="java.vm.vendor" value="Oracle Corporation"/>
    <property name="sun.arch.data.model" value="64"/>
    <property name="user.variant" value=""/>
    <property name="java.vendor.url" value="https://java.oracle.com/"/>
    <property name="user.timezone" value="Europe/Rome"/>
    <property name="os.name" value="Windows 11"/>
    <property name="java.vm.specification.version" value="17"/>
    <property name="sun.java.launcher" value="SUN_STANDARD"/>
    <property name="user.country" value="IT"/>
    <property name="sun.boot.library.path" value="C:\jdk-17.0.8\bin"/>
    <property name="sun.java.command" value="C:\Users\matti\AppData\Local\Temp\surefire12294051494737647260\surefirebooter7150417414949564146.jar C:\Users\matti\AppData\Local\Temp\surefire12294051494737647260 2023-11-09T09-24-39_031-jvmRun1 surefire18046090419597680001tmp surefire_09305883484368124195tmp"/>
    <property name="jdk.debug" value="release"/>
    <property name="surefire.test.class.path" value="C:\Users\matti\Desktop\UNI\2 anno 2023-24\1 semestre\POO\Java1\La_Torre\HelloMavenEclipse\target\test-classes;C:\Users\matti\Desktop\UNI\2 anno 2023-24\1 semestre\POO\Java1\La_Torre\HelloMavenEclipse\target\classes;C:\Users\matti\.m2\repository\junit\junit\4.11\junit-4.11.jar;C:\Users\matti\.m2\repository\org\hamcrest\hamcrest-core\1.3\hamcrest-core-1.3.jar;"/>
    <property name="sun.cpu.endian" value="little"/>
    <property name="user.home" value="C:\Users\matti"/>
    <property name="user.language" value="it"/>
    <property name="java.specification.vendor" value="Oracle Corporation"/>
    <property name="java.version.date" value="2023-07-18"/>
    <property name="java.home" value="C:\jdk-17.0.8"/>
    <property name="file.separator" value="\"/>
    <property name="style.color" value="always"/>
    <property name="basedir" value="C:\Users\matti\Desktop\UNI\2 anno 2023-24\1 semestre\POO\Java1\La_Torre\HelloMavenEclipse"/>
    <property name="java.vm.compressedOopsMode" value="32-bit"/>
    <property name="line.separator" value="&#10;"/>
    <property name="java.vm.specification.vendor" value="Oracle Corporation"/>
    <property name="java.specification.name" value="Java Platform API Specification"/>
    <property name="surefire.real.class.path" value="C:\Users\matti\AppData\Local\Temp\surefire12294051494737647260\surefirebooter7150417414949564146.jar"/>
    <property name="user.script" value=""/>
    <property name="sun.management.compiler" value="HotSpot 64-Bit Tiered Compilers"/>
    <property name="java.runtime.version" value="17.0.8+9-LTS-211"/>
    <property name="user.name" value="matti"/>
    <property name="path.separator" value=";"/>
    <property name="os.version" value="10.0"/>
    <property name="java.runtime.name" value="Java(TM) SE Runtime Environment"/>
    <property name="file.encoding" value="Cp1252"/>
    <property name="java.vm.name" value="Java HotSpot(TM) 64-Bit Server VM"/>
    <property name="localRepository" value="C:\Users\matti\.m2\repository"/>
    <property name="java.vendor.url.bug" value="https://bugreport.java.com/bugreport/"/>
    <property name="java.io.tmpdir" value="C:\Users\matti\AppData\Local\Temp\"/>
    <property name="java.version" value="17.0.8"/>
    <property name="user.dir" value="C:\Users\matti\Desktop\UNI\2 anno 2023-24\1 semestre\POO\Java1\La_Torre\HelloMavenEclipse"/>
    <property name="os.arch" value="amd64"/>
    <property name="java.vm.specification.name" value="Java Virtual Machine Specification"/>
    <property name="sun.os.patch.level" value=""/>
    <property name="native.encoding" value="Cp1252"/>
    <property name="java.library.path" value="C:\jdk-17.0.8\bin;C:\WINDOWS\Sun\Java\bin;C:\WINDOWS\system32;C:\WINDOWS;C:/jdk-17.0.8/bin/server;C:/jdk-17.0.8/bin;C:/Users/matti/AppData/Local/Temp/eoi567F.tmp//plugins/org.eclipse.justj.openjdk.hotspot.jre.minimal.stripped.win32.x86_64_17.0.8.v20230831-1047/jre/bin/server;C:/Users/matti/AppData/Local/Temp/eoi567F.tmp//plugins/org.eclipse.justj.openjdk.hotspot.jre.minimal.stripped.win32.x86_64_17.0.8.v20230831-1047/jre/bin;C:\WINDOWS\system32;C:\WINDOWS;C:\WINDOWS\System32\Wbem;C:\WINDOWS\System32\WindowsPowerShell\v1.0\;C:\WINDOWS\System32\OpenSSH\;C:\MinGW\bin;C:\Program Files\dotnet\;C:\MinGW\msys\1.0\bin;C:\cygwin64\bin;C:\jdk-17.0.8\bin;C:\apache-maven-3.9.4\bin;C:\Users\matti\AppData\Local\Microsoft\WindowsApps;C:\Program Files\JetBrains\CLion 2022.2.3\bin;C:\Users\matti\AppData\Local\Programs\Microsoft VS Code\bin;C:\Users\matti\Downloads;;C:\Users\matti\Downloads;;."/>
    <property name="java.vm.info" value="mixed mode, sharing"/>
    <property name="java.vendor" value="Oracle Corporation"/>
    <property name="java.vm.version" value="17.0.8+9-LTS-211"/>
    <property name="sun.io.unicode.encoding" value="UnicodeLittle"/>
    <property name="java.class.version" value="61.0"/>
  </properties>
  <testcase name="shouldAnswerWithTrue" classname="poo23.HelloMavenEclipse.AppTest" time="0.002"/>
</testsuite>